<?xml version="1.0" encoding="UTF-8"?>
<!-- Generated by org.testng.reporters.JUnitXMLReporter -->
<testsuite hostname="LKNDSS5CJCRQ2" ignored="0" name="BankingApp Test" tests="1" failures="1" timestamp="25 May 2020 12:29:41 GMT" time="24.04" errors="0">
  <testcase name="NewAccount" time="0.0" classname="com.inetBanking.testCases.TC_NewAccountTest_005">
    <failure type="org.testng.TestNGException" message="
Cannot inject @Test annotated Method [NewAccount] with [class java.lang.String].
For more information on native dependency injection please refer to http://testng.org/doc/documentation-main.html#native-dependency-injection">
      <![CDATA[org.testng.TestNGException: 
Cannot inject @Test annotated Method [NewAccount] with [class java.lang.String].
For more information on native dependency injection please refer to http://testng.org/doc/documentation-main.html#native-dependency-injection
... Removed 24 stack frames]]>
    </failure>
  </testcase> <!-- NewAccount -->
</testsuite> <!-- BankingApp Test -->
