<?xml version="1.0" encoding="UTF-8"?>
<!-- Generated by org.testng.reporters.JUnitXMLReporter -->
<testsuite hostname="LKNDSS5CJCRQ2" ignored="0" name="BankingApp Test" tests="1" failures="1" timestamp="26 May 2020 06:18:01 GMT" time="25.952" errors="0">
  <testcase name="DeleteAccount" time="13.135" classname="com.inetBanking.testCases.TC_DeleteAccount_007">
    <failure type="java.lang.NullPointerException">
      <![CDATA[java.lang.NullPointerException
at org.openqa.selenium.support.pagefactory.DefaultElementLocator.findElement(DefaultElementLocator.java:69)
at org.openqa.selenium.support.pagefactory.internal.LocatingElementHandler.invoke(LocatingElementHandler.java:38)
at com.sun.proxy.$Proxy11.click(Unknown Source)
at com.inetBanking.pagaObjects.DeleteAccount.LnkDelAccount(DeleteAccount.java:34)
at com.inetBanking.testCases.TC_DeleteAccount_007.DeleteAccount(TC_DeleteAccount_007.java:27)
... Removed 25 stack frames]]>
    </failure>
  </testcase> <!-- DeleteAccount -->
</testsuite> <!-- BankingApp Test -->
