<?xml version="1.0" encoding="UTF-8"?>
<testng-results skipped="0" failed="0" ignored="0" total="1" passed="1">
  <reporter-output>
  </reporter-output>
  <suite name="InetBankingV1" duration-ms="35248" started-at="2020-05-23T07:29:10Z" finished-at="2020-05-23T07:29:45Z">
    <groups>
    </groups>
    <test name="BankingApp Test" duration-ms="35248" started-at="2020-05-23T07:29:10Z" finished-at="2020-05-23T07:29:45Z">
      <class name="com.inetBanking.testCases.TC_LoginTest_001">
        <test-method status="PASS" signature="setup(java.lang.String)[pri:0, instance:com.inetBanking.testCases.TC_LoginTest_001@4f7d0008]" name="setup" is-config="true" duration-ms="23997" started-at="2020-05-23T07:29:11Z" finished-at="2020-05-23T07:29:35Z">
          <params>
            <param index="0">
              <value>
                <![CDATA[firefox]]>
              </value>
            </param>
          </params>
          <reporter-output>
          </reporter-output>
        </test-method> <!-- setup -->
        <test-method status="PASS" signature="loginTest()[pri:0, instance:com.inetBanking.testCases.TC_LoginTest_001@4f7d0008]" name="loginTest" duration-ms="4315" started-at="2020-05-23T07:29:35Z" finished-at="2020-05-23T07:29:39Z">
          <reporter-output>
          </reporter-output>
        </test-method> <!-- loginTest -->
        <test-method status="PASS" signature="teardown()[pri:0, instance:com.inetBanking.testCases.TC_LoginTest_001@4f7d0008]" name="teardown" is-config="true" duration-ms="6342" started-at="2020-05-23T07:29:39Z" finished-at="2020-05-23T07:29:45Z">
          <reporter-output>
          </reporter-output>
        </test-method> <!-- teardown -->
      </class> <!-- com.inetBanking.testCases.TC_LoginTest_001 -->
    </test> <!-- BankingApp Test -->
  </suite> <!-- InetBankingV1 -->
</testng-results>
